<?xml version="1.0" encoding="UTF-8"?>
<!-- Generated by org.testng.reporters.JUnitXMLReporter -->
<testsuite hostname="Envy" name="Command line test" tests="4" failures="1" timestamp="20 Feb 2016 07:43:37 GMT" time="2.401" errors="0">
  <testcase name="" time="0.19" classname="gapp.model.dao.ApplicationDaoTest"/>
  <testcase name="" time="0.012" classname="gapp.model.dao.TermDaoTest">
    <failure type="java.lang.NullPointerException">
      <![CDATA[java.lang.NullPointerException
	at gapp.model.dao.TermDaoTest.getTerm(TermDaoTest.java:19)
	at org.springframework.test.context.testng.AbstractTestNGSpringContextTests.run(AbstractTestNGSpringContextTests.java:175)
... Removed 36 stack frames]]>
    </failure>
  </testcase> <!--  -->
  <testcase name="" time="0.002" classname="springmvc.model.dao.UserDaoTest"/>
  <testcase name="" time="0.005" classname="springmvc.model.dao.UserDaoTest"/>
</testsuite> <!-- Command line test -->
