-------------------------------------------------------------------------------
Test set: TestSuite
-------------------------------------------------------------------------------
Tests run: 4, Failures: 1, Errors: 0, Skipped: 0, Time elapsed: 3.169 sec <<< FAILURE!
(gapp.model.dao.TermDaoTest)  Time elapsed: 0.015 sec  <<< FAILURE!
java.lang.NullPointerException
	at gapp.model.dao.TermDaoTest.getTerm(TermDaoTest.java:19)

