<?xml version="1.0" encoding="UTF-8"?>
<testng-results skipped="0" failed="0" total="2" passed="2">
  <reporter-output>
  </reporter-output>
  <suite name="Default suite" duration-ms="2267" started-at="2016-02-08T01:23:10Z" finished-at="2016-02-08T01:23:13Z">
    <groups>
      <group name="UserDaoTests">
        <method signature="UserDaoTest.getUser()[pri:0, instance:springmvc.model.dao.UserDaoTest@10361bd0]" name="getUser" class="springmvc.model.dao.UserDaoTest"/>
        <method signature="UserDaoTest.getUsers()[pri:0, instance:springmvc.model.dao.UserDaoTest@10361bd0]" name="getUsers" class="springmvc.model.dao.UserDaoTest"/>
      </group> <!-- UserDaoTests -->
    </groups>
    <test name="Default test" duration-ms="2267" started-at="2016-02-08T01:23:10Z" finished-at="2016-02-08T01:23:13Z">
      <class name="springmvc.model.dao.UserDaoTest">
        <test-method status="PASS" signature="springTestContextBeforeTestClass()[pri:0, instance:springmvc.model.dao.UserDaoTest@10361bd0]" test-instance-name="" name="springTestContextBeforeTestClass" is-config="true" duration-ms="10" started-at="2016-02-07T17:23:10Z" finished-at="2016-02-07T17:23:10Z">
          <reporter-output>
          </reporter-output>
        </test-method> <!-- springTestContextBeforeTestClass -->
        <test-method name="springTestContextPrepareTestInstance" test-instance-name="" signature="springTestContextPrepareTestInstance()[pri:0, instance:springmvc.model.dao.UserDaoTest@10361bd0]" is-config="true" status="PASS" duration-ms="2012" finished-at="2016-02-07T17:23:12Z" started-at="2016-02-07T17:23:10Z" depends-on-methods="org.springframework.test.context.testng.AbstractTestNGSpringContextTests.springTestContextBeforeTestClass">
          <reporter-output>
          </reporter-output>
        </test-method> <!-- springTestContextPrepareTestInstance -->
        <test-method status="PASS" signature="springTestContextBeforeTestMethod(java.lang.reflect.Method)[pri:0, instance:springmvc.model.dao.UserDaoTest@10361bd0]" test-instance-name="" name="springTestContextBeforeTestMethod" is-config="true" duration-ms="60" started-at="2016-02-07T17:23:12Z" finished-at="2016-02-07T17:23:13Z">
          <params>
            <param index="0">
              <value>
                <![CDATA[public void springmvc.model.dao.UserDaoTest.getUser()]]>
              </value>
            </param>
          </params>
          <reporter-output>
          </reporter-output>
        </test-method> <!-- springTestContextBeforeTestMethod -->
        <test-method status="PASS" signature="getUser()[pri:0, instance:springmvc.model.dao.UserDaoTest@10361bd0]" test-instance-name="" name="getUser" duration-ms="41" started-at="2016-02-07T17:23:13Z" finished-at="2016-02-07T17:23:13Z">
          <reporter-output>
          </reporter-output>
        </test-method> <!-- getUser -->
        <test-method status="PASS" signature="springTestContextAfterTestMethod(java.lang.reflect.Method)[pri:0, instance:springmvc.model.dao.UserDaoTest@10361bd0]" test-instance-name="" name="springTestContextAfterTestMethod" is-config="true" duration-ms="7" started-at="2016-02-07T17:23:13Z" finished-at="2016-02-07T17:23:13Z">
          <params>
            <param index="0">
              <value>
                <![CDATA[public void springmvc.model.dao.UserDaoTest.getUser()]]>
              </value>
            </param>
          </params>
          <reporter-output>
          </reporter-output>
        </test-method> <!-- springTestContextAfterTestMethod -->
        <test-method status="PASS" signature="springTestContextBeforeTestMethod(java.lang.reflect.Method)[pri:0, instance:springmvc.model.dao.UserDaoTest@10361bd0]" test-instance-name="" name="springTestContextBeforeTestMethod" is-config="true" duration-ms="3" started-at="2016-02-07T17:23:13Z" finished-at="2016-02-07T17:23:13Z">
          <params>
            <param index="0">
              <value>
                <![CDATA[public void springmvc.model.dao.UserDaoTest.getUsers()]]>
              </value>
            </param>
          </params>
          <reporter-output>
          </reporter-output>
        </test-method> <!-- springTestContextBeforeTestMethod -->
        <test-method status="PASS" signature="getUsers()[pri:0, instance:springmvc.model.dao.UserDaoTest@10361bd0]" test-instance-name="" name="getUsers" duration-ms="116" started-at="2016-02-07T17:23:13Z" finished-at="2016-02-07T17:23:13Z">
          <reporter-output>
          </reporter-output>
        </test-method> <!-- getUsers -->
        <test-method status="PASS" signature="springTestContextAfterTestMethod(java.lang.reflect.Method)[pri:0, instance:springmvc.model.dao.UserDaoTest@10361bd0]" test-instance-name="" name="springTestContextAfterTestMethod" is-config="true" duration-ms="4" started-at="2016-02-07T17:23:13Z" finished-at="2016-02-07T17:23:13Z">
          <params>
            <param index="0">
              <value>
                <![CDATA[public void springmvc.model.dao.UserDaoTest.getUsers()]]>
              </value>
            </param>
          </params>
          <reporter-output>
          </reporter-output>
        </test-method> <!-- springTestContextAfterTestMethod -->
        <test-method status="PASS" signature="springTestContextAfterTestClass()[pri:0, instance:springmvc.model.dao.UserDaoTest@10361bd0]" test-instance-name="" name="springTestContextAfterTestClass" is-config="true" duration-ms="1" started-at="2016-02-07T17:23:13Z" finished-at="2016-02-07T17:23:13Z">
          <reporter-output>
          </reporter-output>
        </test-method> <!-- springTestContextAfterTestClass -->
      </class> <!-- springmvc.model.dao.UserDaoTest -->
    </test> <!-- Default test -->
  </suite> <!-- Default suite -->
</testng-results>
